<?xml version="1.0" encoding="utf-8"?><testsuites><testsuite name="pytest" errors="0" failures="0" skipped="53" tests="149" time="19.255" timestamp="2025-07-28T18:02:38.251786" hostname="pop-os"><testcase classname="fabiplus.tests.test_basic" name="test_root_endpoint" time="1.037" /><testcase classname="fabiplus.tests.test_basic" name="test_health_check" time="0.813" /><testcase classname="fabiplus.tests.test_basic" name="test_create_user" time="0.394" /><testcase classname="fabiplus.tests.test_basic" name="test_authenticate_user" time="1.112" /><testcase classname="fabiplus.tests.test_basic" name="test_jwt_token_creation" time="0.039" /><testcase classname="fabiplus.tests.test_basic" name="test_login_endpoint" time="1.816" /><testcase classname="fabiplus.tests.test_basic" name="test_model_registry" time="0.001" /><testcase classname="fabiplus.tests.test_basic" name="test_admin_endpoints_require_auth" time="0.766" /><testcase classname="fabiplus.tests.test_basic" name="test_api_endpoints_exist" time="1.062" /><testcase classname="fabiplus.tests.test_cli_templates.TestProjectCLI" name="test_startproject_command_basic" time="0.063" /><testcase classname="fabiplus.tests.test_cli_templates.TestProjectCLI" name="test_startproject_command_with_template" time="0.033" /><testcase classname="fabiplus.tests.test_cli_templates.TestProjectCLI" name="test_startproject_command_with_docker" time="0.024" /><testcase classname="fabiplus.tests.test_cli_templates.TestProjectCLI" name="test_startproject_command_with_force" time="0.026" /><testcase classname="fabiplus.tests.test_cli_templates.TestProjectCLI" name="test_list_templates_command" time="0.016" /><testcase classname="fabiplus.tests.test_cli_templates.TestProjectCLI" name="test_init_command" time="0.031" /><testcase classname="fabiplus.tests.test_cli_templates.TestProjectCLI" name="test_startproject_error_handling" time="0.035" /><testcase classname="fabiplus.tests.test_cli_templates.TestAppCLI" name="test_startapp_command_basic" time="0.037" /><testcase classname="fabiplus.tests.test_cli_templates.TestAppCLI" name="test_startapp_command_with_template" time="0.031" /><testcase classname="fabiplus.tests.test_cli_templates.TestAppCLI" name="test_startapp_command_with_directory" time="1.054" /><testcase classname="fabiplus.tests.test_cli_templates.TestAppCLI" name="test_startapp_command_with_force" time="0.260" /><testcase classname="fabiplus.tests.test_cli_templates.TestAppCLI" name="test_list_app_templates_command" time="0.027" /><testcase classname="fabiplus.tests.test_cli_templates.TestAppCLI" name="test_addmodel_command" time="0.018" /><testcase classname="fabiplus.tests.test_cli_templates.TestAppCLI" name="test_remove_app_command" time="0.025" /><testcase classname="fabiplus.tests.test_cli_templates.TestAppCLI" name="test_list_apps_command" time="0.024" /><testcase classname="fabiplus.tests.test_cli_templates.TestAppCLI" name="test_startapp_error_handling" time="0.030" /><testcase classname="fabiplus.tests.test_cli_templates.TestTemplateIntegration" name="test_full_project_creation_workflow" time="0.128" /><testcase classname="fabiplus.tests.test_cli_templates.TestTemplateIntegration" name="test_template_content_validation" time="0.082" /><testcase classname="fabiplus.tests.test_media_system.TestFileStorage" name="test_storage_initialization" time="0.002" /><testcase classname="fabiplus.tests.test_media_system.TestFileStorage" name="test_file_save_and_retrieve" time="0.004"><skipped type="pytest.skip" message="async def function and no async plugin installed (see warnings)">/home/danielaiyelu/Desktop/Helevon/new_fabi/venv/lib/python3.10/site-packages/_pytest/python.py:184: async def function and no async plugin installed (see warnings)</skipped></testcase><testcase classname="fabiplus.tests.test_media_system.TestFileStorage" name="test_file_deletion" time="0.003"><skipped type="pytest.skip" message="async def function and no async plugin installed (see warnings)">/home/danielaiyelu/Desktop/Helevon/new_fabi/venv/lib/python3.10/site-packages/_pytest/python.py:184: async def function and no async plugin installed (see warnings)</skipped></testcase><testcase classname="fabiplus.tests.test_media_system.TestFileStorage" name="test_file_listing" time="0.002"><skipped type="pytest.skip" message="async def function and no async plugin installed (see warnings)">/home/danielaiyelu/Desktop/Helevon/new_fabi/venv/lib/python3.10/site-packages/_pytest/python.py:184: async def function and no async plugin installed (see warnings)</skipped></testcase><testcase classname="fabiplus.tests.test_media_system.TestFileValidators" name="test_basic_file_validator" time="0.001" /><testcase classname="fabiplus.tests.test_media_system.TestFileValidators" name="test_file_size_validation" time="0.001"><skipped type="pytest.skip" message="async def function and no async plugin installed (see warnings)">/home/danielaiyelu/Desktop/Helevon/new_fabi/venv/lib/python3.10/site-packages/_pytest/python.py:184: async def function and no async plugin installed (see warnings)</skipped></testcase><testcase classname="fabiplus.tests.test_media_system.TestFileValidators" name="test_extension_validation" time="0.002"><skipped type="pytest.skip" message="async def function and no async plugin installed (see warnings)">/home/danielaiyelu/Desktop/Helevon/new_fabi/venv/lib/python3.10/site-packages/_pytest/python.py:184: async def function and no async plugin installed (see warnings)</skipped></testcase><testcase classname="fabiplus.tests.test_media_system.TestFileValidators" name="test_image_validator_initialization" time="0.001" /><testcase classname="fabiplus.tests.test_media_system.TestFileValidators" name="test_document_validator_initialization" time="0.002" /><testcase classname="fabiplus.tests.test_media_system.TestFileProcessors" name="test_file_processor_initialization" time="0.001" /><testcase classname="fabiplus.tests.test_media_system.TestFileProcessors" name="test_image_processing" time="0.001"><skipped type="pytest.skip" message="async def function and no async plugin installed (see warnings)">/home/danielaiyelu/Desktop/Helevon/new_fabi/venv/lib/python3.10/site-packages/_pytest/python.py:184: async def function and no async plugin installed (see warnings)</skipped></testcase><testcase classname="fabiplus.tests.test_media_system.TestFileHandlers" name="test_single_file_upload" time="0.005"><skipped type="pytest.skip" message="async def function and no async plugin installed (see warnings)">/home/danielaiyelu/Desktop/Helevon/new_fabi/venv/lib/python3.10/site-packages/_pytest/python.py:184: async def function and no async plugin installed (see warnings)</skipped></testcase><testcase classname="fabiplus.tests.test_media_system.TestFileHandlers" name="test_chunked_upload_session" time="0.009"><skipped type="pytest.skip" message="async def function and no async plugin installed (see warnings)">/home/danielaiyelu/Desktop/Helevon/new_fabi/venv/lib/python3.10/site-packages/_pytest/python.py:184: async def function and no async plugin installed (see warnings)</skipped></testcase><testcase classname="fabiplus.tests.test_media_system.TestMediaModels" name="test_media_file_model" time="0.004" /><testcase classname="fabiplus.tests.test_media_system.TestMediaModels" name="test_media_folder_model" time="0.007" /><testcase classname="fabiplus.tests.test_media_system.TestMediaModels" name="test_media_file_properties" time="0.006" /><testcase classname="fabiplus.tests.test_media_system.TestMediaAPI" name="test_upload_endpoint_structure" time="0.002" /><testcase classname="fabiplus.tests.test_media_system.TestMediaAPI" name="test_download_endpoint_structure" time="0.002" /><testcase classname="fabiplus.tests.test_media_system.TestMediaIntegration" name="test_full_upload_workflow" time="0.003"><skipped type="pytest.skip" message="async def function and no async plugin installed (see warnings)">/home/danielaiyelu/Desktop/Helevon/new_fabi/venv/lib/python3.10/site-packages/_pytest/python.py:184: async def function and no async plugin installed (see warnings)</skipped></testcase><testcase classname="fabiplus.tests.test_media_system.TestMediaIntegration" name="test_full_download_workflow" time="0.002"><skipped type="pytest.skip" message="async def function and no async plugin installed (see warnings)">/home/danielaiyelu/Desktop/Helevon/new_fabi/venv/lib/python3.10/site-packages/_pytest/python.py:184: async def function and no async plugin installed (see warnings)</skipped></testcase><testcase classname="fabiplus.tests.test_orm_choice.TestORMRegistry" name="test_orm_registry_basic" time="0.002" /><testcase classname="fabiplus.tests.test_orm_choice.TestORMRegistry" name="test_orm_backend_registration" time="0.004" /><testcase classname="fabiplus.tests.test_orm_choice.TestORMRegistry" name="test_orm_backend_validation" time="0.003" /><testcase classname="fabiplus.tests.test_orm_choice.TestORMRegistry" name="test_orm_backend_info" time="0.001" /><testcase classname="fabiplus.tests.test_orm_choice.TestORMChoiceSystem" name="test_orm_template_init" time="0.001"><skipped type="pytest.skip" message="ORM choice system not yet implemented">/home/danielaiyelu/Desktop/Helevon/new_fabi/fabiplus/tests/test_orm_choice.py:98: ORM choice system not yet implemented</skipped></testcase><testcase classname="fabiplus.tests.test_orm_choice.TestORMChoiceSystem" name="test_sqlmodel_backend_creation" time="0.001"><skipped type="pytest.skip" message="ORM choice system not yet implemented">/home/danielaiyelu/Desktop/Helevon/new_fabi/fabiplus/tests/test_orm_choice.py:104: ORM choice system not yet implemented</skipped></testcase><testcase classname="fabiplus.tests.test_orm_choice.TestORMChoiceSystem" name="test_sqlalchemy_backend_creation" time="0.001"><skipped type="pytest.skip" message="ORM choice system not yet implemented">/home/danielaiyelu/Desktop/Helevon/new_fabi/fabiplus/tests/test_orm_choice.py:110: ORM choice system not yet implemented</skipped></testcase><testcase classname="fabiplus.tests.test_orm_choice.TestORMChoiceSystem" name="test_tortoise_backend_creation" time="0.001"><skipped type="pytest.skip" message="ORM choice system not yet implemented">/home/danielaiyelu/Desktop/Helevon/new_fabi/fabiplus/tests/test_orm_choice.py:116: ORM choice system not yet implemented</skipped></testcase><testcase classname="fabiplus.tests.test_orm_choice.TestORMChoiceSystem" name="test_project_creation_with_orm_choice" time="0.001"><skipped type="pytest.skip" message="ORM choice system not yet implemented">/home/danielaiyelu/Desktop/Helevon/new_fabi/fabiplus/tests/test_orm_choice.py:122: ORM choice system not yet implemented</skipped></testcase><testcase classname="fabiplus.tests.test_orm_choice.TestORMChoiceSystem" name="test_model_generation_sqlmodel" time="0.002"><skipped type="pytest.skip" message="ORM choice system not yet implemented">/home/danielaiyelu/Desktop/Helevon/new_fabi/fabiplus/tests/test_orm_choice.py:128: ORM choice system not yet implemented</skipped></testcase><testcase classname="fabiplus.tests.test_orm_choice.TestORMChoiceSystem" name="test_model_generation_sqlalchemy" time="0.002"><skipped type="pytest.skip" message="ORM choice system not yet implemented">/home/danielaiyelu/Desktop/Helevon/new_fabi/fabiplus/tests/test_orm_choice.py:134: ORM choice system not yet implemented</skipped></testcase><testcase classname="fabiplus.tests.test_orm_choice.TestORMChoiceSystem" name="test_model_generation_tortoise" time="0.001"><skipped type="pytest.skip" message="ORM choice system not yet implemented">/home/danielaiyelu/Desktop/Helevon/new_fabi/fabiplus/tests/test_orm_choice.py:140: ORM choice system not yet implemented</skipped></testcase><testcase classname="fabiplus.tests.test_orm_choice.TestORMChoiceSystem" name="test_migration_system_sqlmodel" time="0.002"><skipped type="pytest.skip" message="ORM choice system not yet implemented">/home/danielaiyelu/Desktop/Helevon/new_fabi/fabiplus/tests/test_orm_choice.py:146: ORM choice system not yet implemented</skipped></testcase><testcase classname="fabiplus.tests.test_orm_choice.TestORMChoiceSystem" name="test_migration_system_sqlalchemy" time="0.001"><skipped type="pytest.skip" message="ORM choice system not yet implemented">/home/danielaiyelu/Desktop/Helevon/new_fabi/fabiplus/tests/test_orm_choice.py:152: ORM choice system not yet implemented</skipped></testcase><testcase classname="fabiplus.tests.test_orm_choice.TestORMChoiceSystem" name="test_migration_system_tortoise" time="0.001"><skipped type="pytest.skip" message="ORM choice system not yet implemented">/home/danielaiyelu/Desktop/Helevon/new_fabi/fabiplus/tests/test_orm_choice.py:158: ORM choice system not yet implemented</skipped></testcase><testcase classname="fabiplus.tests.test_orm_choice.TestORMChoiceSystem" name="test_api_generation_sqlmodel" time="0.001"><skipped type="pytest.skip" message="ORM choice system not yet implemented">/home/danielaiyelu/Desktop/Helevon/new_fabi/fabiplus/tests/test_orm_choice.py:164: ORM choice system not yet implemented</skipped></testcase><testcase classname="fabiplus.tests.test_orm_choice.TestORMChoiceSystem" name="test_api_generation_sqlalchemy" time="0.001"><skipped type="pytest.skip" message="ORM choice system not yet implemented">/home/danielaiyelu/Desktop/Helevon/new_fabi/fabiplus/tests/test_orm_choice.py:170: ORM choice system not yet implemented</skipped></testcase><testcase classname="fabiplus.tests.test_orm_choice.TestORMChoiceSystem" name="test_api_generation_tortoise" time="0.001"><skipped type="pytest.skip" message="ORM choice system not yet implemented">/home/danielaiyelu/Desktop/Helevon/new_fabi/fabiplus/tests/test_orm_choice.py:176: ORM choice system not yet implemented</skipped></testcase><testcase classname="fabiplus.tests.test_orm_choice.TestORMChoiceSystem" name="test_admin_interface_sqlmodel" time="0.002"><skipped type="pytest.skip" message="ORM choice system not yet implemented">/home/danielaiyelu/Desktop/Helevon/new_fabi/fabiplus/tests/test_orm_choice.py:182: ORM choice system not yet implemented</skipped></testcase><testcase classname="fabiplus.tests.test_orm_choice.TestORMChoiceSystem" name="test_admin_interface_sqlalchemy" time="0.001"><skipped type="pytest.skip" message="ORM choice system not yet implemented">/home/danielaiyelu/Desktop/Helevon/new_fabi/fabiplus/tests/test_orm_choice.py:188: ORM choice system not yet implemented</skipped></testcase><testcase classname="fabiplus.tests.test_orm_choice.TestORMChoiceSystem" name="test_admin_interface_tortoise" time="0.001"><skipped type="pytest.skip" message="ORM choice system not yet implemented">/home/danielaiyelu/Desktop/Helevon/new_fabi/fabiplus/tests/test_orm_choice.py:194: ORM choice system not yet implemented</skipped></testcase><testcase classname="fabiplus.tests.test_orm_choice.TestORMChoiceSystem" name="test_orm_switching" time="0.003"><skipped type="pytest.skip" message="ORM choice system not yet implemented">/home/danielaiyelu/Desktop/Helevon/new_fabi/fabiplus/tests/test_orm_choice.py:200: ORM choice system not yet implemented</skipped></testcase><testcase classname="fabiplus.tests.test_orm_choice.TestORMChoiceSystem" name="test_orm_compatibility_validation" time="0.002"><skipped type="pytest.skip" message="ORM choice system not yet implemented">/home/danielaiyelu/Desktop/Helevon/new_fabi/fabiplus/tests/test_orm_choice.py:206: ORM choice system not yet implemented</skipped></testcase><testcase classname="fabiplus.tests.test_orm_choice.TestORMBackends" name="test_sqlmodel_backend_model_creation" time="0.001"><skipped type="pytest.skip" message="ORM backends not yet implemented">/home/danielaiyelu/Desktop/Helevon/new_fabi/fabiplus/tests/test_orm_choice.py:216: ORM backends not yet implemented</skipped></testcase><testcase classname="fabiplus.tests.test_orm_choice.TestORMBackends" name="test_sqlalchemy_backend_model_creation" time="0.002"><skipped type="pytest.skip" message="ORM backends not yet implemented">/home/danielaiyelu/Desktop/Helevon/new_fabi/fabiplus/tests/test_orm_choice.py:221: ORM backends not yet implemented</skipped></testcase><testcase classname="fabiplus.tests.test_orm_choice.TestORMBackends" name="test_tortoise_backend_model_creation" time="0.001"><skipped type="pytest.skip" message="ORM backends not yet implemented">/home/danielaiyelu/Desktop/Helevon/new_fabi/fabiplus/tests/test_orm_choice.py:226: ORM backends not yet implemented</skipped></testcase><testcase classname="fabiplus.tests.test_orm_choice.TestORMBackends" name="test_backend_registry_system" time="0.003"><skipped type="pytest.skip" message="ORM backends not yet implemented">/home/danielaiyelu/Desktop/Helevon/new_fabi/fabiplus/tests/test_orm_choice.py:231: ORM backends not yet implemented</skipped></testcase><testcase classname="fabiplus.tests.test_orm_choice.TestORMBackends" name="test_backend_configuration" time="0.001"><skipped type="pytest.skip" message="ORM backends not yet implemented">/home/danielaiyelu/Desktop/Helevon/new_fabi/fabiplus/tests/test_orm_choice.py:236: ORM backends not yet implemented</skipped></testcase><testcase classname="fabiplus.tests.test_orm_choice.TestORMTemplates" name="test_sqlmodel_project_template" time="0.003"><skipped type="pytest.skip" message="ORM templates not yet implemented">/home/danielaiyelu/Desktop/Helevon/new_fabi/fabiplus/tests/test_orm_choice.py:245: ORM templates not yet implemented</skipped></testcase><testcase classname="fabiplus.tests.test_orm_choice.TestORMTemplates" name="test_sqlalchemy_project_template" time="0.001"><skipped type="pytest.skip" message="ORM templates not yet implemented">/home/danielaiyelu/Desktop/Helevon/new_fabi/fabiplus/tests/test_orm_choice.py:250: ORM templates not yet implemented</skipped></testcase><testcase classname="fabiplus.tests.test_orm_choice.TestORMTemplates" name="test_tortoise_project_template" time="0.003"><skipped type="pytest.skip" message="ORM templates not yet implemented">/home/danielaiyelu/Desktop/Helevon/new_fabi/fabiplus/tests/test_orm_choice.py:255: ORM templates not yet implemented</skipped></testcase><testcase classname="fabiplus.tests.test_orm_choice.TestORMTemplates" name="test_orm_specific_dependencies" time="0.005"><skipped type="pytest.skip" message="ORM templates not yet implemented">/home/danielaiyelu/Desktop/Helevon/new_fabi/fabiplus/tests/test_orm_choice.py:260: ORM templates not yet implemented</skipped></testcase><testcase classname="fabiplus.tests.test_orm_choice.TestORMTemplates" name="test_orm_specific_settings" time="0.001"><skipped type="pytest.skip" message="ORM templates not yet implemented">/home/danielaiyelu/Desktop/Helevon/new_fabi/fabiplus/tests/test_orm_choice.py:265: ORM templates not yet implemented</skipped></testcase><testcase classname="fabiplus.tests.test_orm_choice.TestORMIntegration" name="test_full_workflow_sqlmodel" time="0.001"><skipped type="pytest.skip" message="ORM integration not yet implemented">/home/danielaiyelu/Desktop/Helevon/new_fabi/fabiplus/tests/test_orm_choice.py:274: ORM integration not yet implemented</skipped></testcase><testcase classname="fabiplus.tests.test_orm_choice.TestORMIntegration" name="test_full_workflow_sqlalchemy" time="0.001"><skipped type="pytest.skip" message="ORM integration not yet implemented">/home/danielaiyelu/Desktop/Helevon/new_fabi/fabiplus/tests/test_orm_choice.py:280: ORM integration not yet implemented</skipped></testcase><testcase classname="fabiplus.tests.test_orm_choice.TestORMIntegration" name="test_full_workflow_tortoise" time="0.001"><skipped type="pytest.skip" message="ORM integration not yet implemented">/home/danielaiyelu/Desktop/Helevon/new_fabi/fabiplus/tests/test_orm_choice.py:286: ORM integration not yet implemented</skipped></testcase><testcase classname="fabiplus.tests.test_orm_choice.TestORMIntegration" name="test_cross_orm_compatibility" time="0.001"><skipped type="pytest.skip" message="ORM integration not yet implemented">/home/danielaiyelu/Desktop/Helevon/new_fabi/fabiplus/tests/test_orm_choice.py:292: ORM integration not yet implemented</skipped></testcase><testcase classname="fabiplus.tests.test_orm_choice.TestFutureORMFeatures" name="test_orm_performance_comparison" time="0.001"><skipped type="pytest.skip" message="Future feature">/home/danielaiyelu/Desktop/Helevon/new_fabi/fabiplus/tests/test_orm_choice.py:302: Future feature</skipped></testcase><testcase classname="fabiplus.tests.test_orm_choice.TestFutureORMFeatures" name="test_orm_feature_matrix" time="0.001"><skipped type="pytest.skip" message="Future feature">/home/danielaiyelu/Desktop/Helevon/new_fabi/fabiplus/tests/test_orm_choice.py:307: Future feature</skipped></testcase><testcase classname="fabiplus.tests.test_orm_choice.TestFutureORMFeatures" name="test_orm_migration_tools" time="0.002"><skipped type="pytest.skip" message="Future feature">/home/danielaiyelu/Desktop/Helevon/new_fabi/fabiplus/tests/test_orm_choice.py:312: Future feature</skipped></testcase><testcase classname="fabiplus.tests.test_permissions_system.TestPermissionBase" name="test_permission_creation" time="0.002" /><testcase classname="fabiplus.tests.test_permissions_system.TestPermissionBase" name="test_permission_matches" time="0.003" /><testcase classname="fabiplus.tests.test_permissions_system.TestPermissionBase" name="test_permission_with_conditions" time="0.002" /><testcase classname="fabiplus.tests.test_permissions_system.TestPermissionBase" name="test_permission_denied_exception" time="0.002" /><testcase classname="fabiplus.tests.test_permissions_system.TestPermissionRegistry" name="test_register_permission" time="0.005" /><testcase classname="fabiplus.tests.test_permissions_system.TestPermissionRegistry" name="test_list_permissions" time="0.002" /><testcase classname="fabiplus.tests.test_permissions_system.TestPermissionSet" name="test_permission_set_creation" time="0.001" /><testcase classname="fabiplus.tests.test_permissions_system.TestPermissionSet" name="test_permission_set_operations" time="0.001" /><testcase classname="fabiplus.tests.test_permissions_system.TestPermissionModels" name="test_user_permission_model" time="0.003" /><testcase classname="fabiplus.tests.test_permissions_system.TestPermissionModels" name="test_model_permission_model" time="0.003" /><testcase classname="fabiplus.tests.test_permissions_system.TestPermissionModels" name="test_field_permission_model" time="0.004" /><testcase classname="fabiplus.tests.test_permissions_system.TestPermissionModels" name="test_row_permission_model" time="0.004" /><testcase classname="fabiplus.tests.test_permissions_system.TestPermissionCheckers" name="test_model_permission_checker" time="0.046" /><testcase classname="fabiplus.tests.test_permissions_system.TestPermissionCheckers" name="test_composite_permission_checker" time="0.026" /><testcase classname="fabiplus.tests.test_permissions_system.TestPermissionDecorators" name="test_require_permission_decorator" time="0.007" /><testcase classname="fabiplus.tests.test_permissions_system.TestPermissionDecorators" name="test_require_model_permission_decorator" time="0.003" /><testcase classname="fabiplus.tests.test_permissions_system.TestPermissionDecorators" name="test_permission_required_decorator" time="0.008" /><testcase classname="fabiplus.tests.test_permissions_system.TestPermissionIntegration" name="test_full_permission_workflow" time="0.063" /><testcase classname="fabiplus.tests.test_permissions_system.TestPermissionIntegration" name="test_permission_hierarchy" time="0.042" /><testcase classname="fabiplus.tests.test_permissions_system.TestPermissionIntegration" name="test_ownership_permissions" time="0.026" /><testcase classname="fabiplus.tests.test_permissions_system.TestPermissionPerformance" name="test_permission_set_performance" time="0.038" /><testcase classname="fabiplus.tests.test_response_system.TestStreamingResponses" name="test_streaming_json_response_creation" time="0.002" /><testcase classname="fabiplus.tests.test_response_system.TestStreamingResponses" name="test_streaming_json_content" time="0.002"><skipped type="pytest.skip" message="async def function and no async plugin installed (see warnings)">/home/danielaiyelu/Desktop/Helevon/new_fabi/venv/lib/python3.10/site-packages/_pytest/python.py:184: async def function and no async plugin installed (see warnings)</skipped></testcase><testcase classname="fabiplus.tests.test_response_system.TestStreamingResponses" name="test_streaming_csv_response_creation" time="0.003" /><testcase classname="fabiplus.tests.test_response_system.TestStreamingResponses" name="test_streaming_csv_content" time="0.003"><skipped type="pytest.skip" message="async def function and no async plugin installed (see warnings)">/home/danielaiyelu/Desktop/Helevon/new_fabi/venv/lib/python3.10/site-packages/_pytest/python.py:184: async def function and no async plugin installed (see warnings)</skipped></testcase><testcase classname="fabiplus.tests.test_response_system.TestStreamingResponses" name="test_streaming_xml_response_creation" time="0.002" /><testcase classname="fabiplus.tests.test_response_system.TestStreamingResponses" name="test_server_sent_events_response" time="0.002"><skipped type="pytest.skip" message="async def function and no async plugin installed (see warnings)">/home/danielaiyelu/Desktop/Helevon/new_fabi/venv/lib/python3.10/site-packages/_pytest/python.py:184: async def function and no async plugin installed (see warnings)</skipped></testcase><testcase classname="fabiplus.tests.test_response_system.TestStreamingResponses" name="test_chunked_data_response" time="0.005"><skipped type="pytest.skip" message="async def function and no async plugin installed (see warnings)">/home/danielaiyelu/Desktop/Helevon/new_fabi/venv/lib/python3.10/site-packages/_pytest/python.py:184: async def function and no async plugin installed (see warnings)</skipped></testcase><testcase classname="fabiplus.tests.test_response_system.TestPaginationResponses" name="test_paginated_response_creation" time="0.003" /><testcase classname="fabiplus.tests.test_response_system.TestPaginationResponses" name="test_cursor_paginated_response_creation" time="0.001" /><testcase classname="fabiplus.tests.test_response_system.TestPaginationResponses" name="test_infinite_scroll_response_creation" time="0.004" /><testcase classname="fabiplus.tests.test_response_system.TestPaginationResponses" name="test_streaming_paginated_response" time="0.003"><skipped type="pytest.skip" message="async def function and no async plugin installed (see warnings)">/home/danielaiyelu/Desktop/Helevon/new_fabi/venv/lib/python3.10/site-packages/_pytest/python.py:184: async def function and no async plugin installed (see warnings)</skipped></testcase><testcase classname="fabiplus.tests.test_response_system.TestFormatResponses" name="test_excel_response_creation" time="0.001" /><testcase classname="fabiplus.tests.test_response_system.TestFormatResponses" name="test_pdf_response_creation" time="0.003" /><testcase classname="fabiplus.tests.test_response_system.TestFormatResponses" name="test_image_response_creation" time="0.002" /><testcase classname="fabiplus.tests.test_response_system.TestFormatResponses" name="test_zip_response_creation" time="0.002" /><testcase classname="fabiplus.tests.test_response_system.TestFormatResponses" name="test_custom_format_response_creation" time="0.001" /><testcase classname="fabiplus.tests.test_response_system.TestResponseIntegration" name="test_streaming_json_endpoint" time="0.026" /><testcase classname="fabiplus.tests.test_response_system.TestResponseIntegration" name="test_paginated_endpoint" time="0.021" /><testcase classname="fabiplus.tests.test_response_system.TestResponseIntegration" name="test_csv_export_endpoint" time="0.019" /><testcase classname="fabiplus.tests.test_response_system.TestPerformance" name="test_large_dataset_streaming" time="0.003"><skipped type="pytest.skip" message="async def function and no async plugin installed (see warnings)">/home/danielaiyelu/Desktop/Helevon/new_fabi/venv/lib/python3.10/site-packages/_pytest/python.py:184: async def function and no async plugin installed (see warnings)</skipped></testcase><testcase classname="fabiplus.tests.test_response_system.TestPerformance" name="test_pagination_performance" time="0.010" /><testcase classname="fabiplus.tests.test_response_system.TestErrorHandling" name="test_streaming_error_handling" time="0.001"><skipped type="pytest.skip" message="async def function and no async plugin installed (see warnings)">/home/danielaiyelu/Desktop/Helevon/new_fabi/venv/lib/python3.10/site-packages/_pytest/python.py:184: async def function and no async plugin installed (see warnings)</skipped></testcase><testcase classname="fabiplus.tests.test_response_system.TestErrorHandling" name="test_format_response_error_handling" time="0.002" /><testcase classname="fabiplus.tests.test_templates.TestProjectTemplate" name="test_project_template_init" time="0.003" /><testcase classname="fabiplus.tests.test_templates.TestProjectTemplate" name="test_project_template_init_with_docker" time="0.004" /><testcase classname="fabiplus.tests.test_templates.TestProjectTemplate" name="test_get_template_context" time="0.005" /><testcase classname="fabiplus.tests.test_templates.TestProjectTemplate" name="test_create_project_structure" time="0.005" /><testcase classname="fabiplus.tests.test_templates.TestProjectTemplate" name="test_create_project_files_basic" time="0.087" /><testcase classname="fabiplus.tests.test_templates.TestProjectTemplate" name="test_create_project_files_with_docker" time="0.059" /><testcase classname="fabiplus.tests.test_templates.TestProjectTemplate" name="test_create_project_files_without_docker" time="0.058" /><testcase classname="fabiplus.tests.test_templates.TestProjectTemplate" name="test_template_content_rendering" time="0.074" /><testcase classname="fabiplus.tests.test_templates.TestProjectTemplate" name="test_create_main_app" time="0.004" /><testcase classname="fabiplus.tests.test_templates.TestProjectTemplate" name="test_create_project_full_workflow" time="0.068" /><testcase classname="fabiplus.tests.test_templates.TestProjectTemplate" name="test_create_project_with_force" time="0.061" /><testcase classname="fabiplus.tests.test_templates.TestProjectTemplate" name="test_init_existing_project" time="0.066" /><testcase classname="fabiplus.tests.test_templates.TestAppTemplate" name="test_app_template_init" time="0.003" /><testcase classname="fabiplus.tests.test_templates.TestAppTemplate" name="test_get_template_context" time="0.002" /><testcase classname="fabiplus.tests.test_templates.TestAppTemplate" name="test_create_app_files" time="0.035" /><testcase classname="fabiplus.tests.test_templates.TestAppTemplate" name="test_app_template_content_rendering" time="0.027" /><testcase classname="fabiplus.tests.test_templates.TestAppTemplate" name="test_create_app_with_force" time="0.025" /><testcase classname="fabiplus.tests.test_templates.TestAppTemplate" name="test_generate_model_code" time="0.049" /></testsuite></testsuites>